Loaded 2 peers from peers.json
Loaded 727 blocks
=== DYNAX V20 SECURE NODE STARTED ===
Peer discovery started
Auto-sync thread started
Loaded 2 peers
Snapshot sync initialized
Mempool sync started
Database initialized
DYNAX Database ready
Event system loaded, events: 2
DVM loaded, contracts: 5
 * Serving Flask app 'dynax_node_v20'
 * Debug mode: off
[31m[1mWARNING: This is a development server. Do not use it in a production deployment. Use a production WSGI server instead.[0m
 * Running on all addresses (0.0.0.0)
 * Running on http://127.0.0.1:6002
 * Running on http://192.168.43.166:6002
[33mPress CTRL+C to quit[0m
127.0.0.1 - - [01/Jul/2026 20:10:05] "GET / HTTP/1.1" 200 -
127.0.0.1 - - [01/Jul/2026 20:10:05] "POST /dvm/deploy HTTP/1.1" 200 -
127.0.0.1 - - [01/Jul/2026 20:10:07] "GET /mine/DXa5ae9ccc94279d4f52b4f4e694a5a3b2f4f5ece3 HTTP/1.1" 200 -
127.0.0.1 - - [01/Jul/2026 20:10:09] "GET /dvm/contracts HTTP/1.1" 200 -
[2026-07-01 20:10:09,479] ERROR in app: Exception on /dvm/rebuild [POST]
Traceback (most recent call last):
  File "/data/data/com.termux/files/usr/lib/python3.13/site-packages/flask/app.py", line 1511, in wsgi_app
    response = self.full_dispatch_request()
  File "/data/data/com.termux/files/usr/lib/python3.13/site-packages/flask/app.py", line 919, in full_dispatch_request
    rv = self.handle_user_exception(e)
  File "/data/data/com.termux/files/usr/lib/python3.13/site-packages/flask/app.py", line 917, in full_dispatch_request
    rv = self.dispatch_request()
  File "/data/data/com.termux/files/usr/lib/python3.13/site-packages/flask/app.py", line 902, in dispatch_request
    return self.ensure_sync(self.view_functions[rule.endpoint])(**view_args)  # type: ignore[no-any-return]
           ~~~~~~~~~~~~~~~~~~~~~~~~~~~~~~~~~~~~~~~~~~~~~~~~~~~~^^^^^^^^^^^^^
  File "/data/data/com.termux/files/home/dynax-node2/dynax_node_v20.py", line 207, in rebuild_dvm
    rebuild_dvm_state()
    ~~~~~~~~~~~~~~~~~^^
  File "/data/data/com.termux/files/home/dynax-node2/dynax_node_v20.py", line 180, in rebuild_dvm_state
    dvm = DVM()
          ^^^
NameError: name 'DVM' is not defined. Did you mean: 'dvm'?
127.0.0.1 - - [01/Jul/2026 20:10:09] "[35m[1mPOST /dvm/rebuild HTTP/1.1[0m" 500 -
127.0.0.1 - - [01/Jul/2026 20:10:09] "GET /dvm/contracts HTTP/1.1" 200 -
[2026-07-01 20:10:59,478] ERROR in app: Exception on /dvm/rebuild [POST]
Traceback (most recent call last):
  File "/data/data/com.termux/files/usr/lib/python3.13/site-packages/flask/app.py", line 1511, in wsgi_app
    response = self.full_dispatch_request()
  File "/data/data/com.termux/files/usr/lib/python3.13/site-packages/flask/app.py", line 919, in full_dispatch_request
    rv = self.handle_user_exception(e)
  File "/data/data/com.termux/files/usr/lib/python3.13/site-packages/flask/app.py", line 917, in full_dispatch_request
    rv = self.dispatch_request()
  File "/data/data/com.termux/files/usr/lib/python3.13/site-packages/flask/app.py", line 902, in dispatch_request
    return self.ensure_sync(self.view_functions[rule.endpoint])(**view_args)  # type: ignore[no-any-return]
           ~~~~~~~~~~~~~~~~~~~~~~~~~~~~~~~~~~~~~~~~~~~~~~~~~~~~^^^^^^^^^^^^^
  File "/data/data/com.termux/files/home/dynax-node2/dynax_node_v20.py", line 207, in rebuild_dvm
    rebuild_dvm_state()
    ~~~~~~~~~~~~~~~~~^^
  File "/data/data/com.termux/files/home/dynax-node2/dynax_node_v20.py", line 180, in rebuild_dvm_state
    dvm = DVM()
          ^^^
NameError: name 'DVM' is not defined. Did you mean: 'dvm'?
127.0.0.1 - - [01/Jul/2026 20:10:59] "[35m[1mPOST /dvm/rebuild HTTP/1.1[0m" 500 -
